<?xml version="1.0" encoding="UTF-8"?>
<testsuite name="io.wisoft.siabackend.infrastructure.SpatialTableRepositoryTest" tests="1" skipped="0" failures="0" errors="0" timestamp="2021-06-16T04:44:20" hostname="bagchaniMacmini.localdomain" time="0.184">
  <properties/>
  <testcase name="savePolygonTest()" classname="io.wisoft.siabackend.infrastructure.SpatialTableRepositoryTest" time="0.184"/>
  <system-out><![CDATA[13:44:16.876 [Test worker] DEBUG org.springframework.test.context.BootstrapUtils - Instantiating CacheAwareContextLoaderDelegate from class [org.springframework.test.context.cache.DefaultCacheAwareContextLoaderDelegate]
13:44:16.888 [Test worker] DEBUG org.springframework.test.context.BootstrapUtils - Instantiating BootstrapContext using constructor [public org.springframework.test.context.support.DefaultBootstrapContext(java.lang.Class,org.springframework.test.context.CacheAwareContextLoaderDelegate)]
13:44:16.920 [Test worker] DEBUG org.springframework.test.context.BootstrapUtils - Instantiating TestContextBootstrapper for test class [io.wisoft.siabackend.infrastructure.SpatialTableRepositoryTest] from class [org.springframework.boot.test.context.SpringBootTestContextBootstrapper]
13:44:16.931 [Test worker] INFO org.springframework.boot.test.context.SpringBootTestContextBootstrapper - Neither @ContextConfiguration nor @ContextHierarchy found for test class [io.wisoft.siabackend.infrastructure.SpatialTableRepositoryTest], using SpringBootContextLoader
13:44:16.935 [Test worker] DEBUG org.springframework.test.context.support.AbstractContextLoader - Did not detect default resource location for test class [io.wisoft.siabackend.infrastructure.SpatialTableRepositoryTest]: class path resource [io/wisoft/siabackend/infrastructure/SpatialTableRepositoryTest-context.xml] does not exist
13:44:16.936 [Test worker] DEBUG org.springframework.test.context.support.AbstractContextLoader - Did not detect default resource location for test class [io.wisoft.siabackend.infrastructure.SpatialTableRepositoryTest]: class path resource [io/wisoft/siabackend/infrastructure/SpatialTableRepositoryTestContext.groovy] does not exist
13:44:16.936 [Test worker] INFO org.springframework.test.context.support.AbstractContextLoader - Could not detect default resource locations for test class [io.wisoft.siabackend.infrastructure.SpatialTableRepositoryTest]: no resource found for suffixes {-context.xml, Context.groovy}.
13:44:16.936 [Test worker] INFO org.springframework.test.context.support.AnnotationConfigContextLoaderUtils - Could not detect default configuration classes for test class [io.wisoft.siabackend.infrastructure.SpatialTableRepositoryTest]: SpatialTableRepositoryTest does not declare any static, non-private, non-final, nested classes annotated with @Configuration.
13:44:16.972 [Test worker] DEBUG org.springframework.test.context.support.ActiveProfilesUtils - Could not find an 'annotation declaring class' for annotation type [org.springframework.test.context.ActiveProfiles] and class [io.wisoft.siabackend.infrastructure.SpatialTableRepositoryTest]
13:44:17.034 [Test worker] DEBUG org.springframework.context.annotation.ClassPathScanningCandidateComponentProvider - Identified candidate component class: file [/Users/chanyeol/workspace/development/project/sia-backend/build/classes/java/main/io/wisoft/siabackend/SiaBackendApplication.class]
13:44:17.035 [Test worker] INFO org.springframework.boot.test.context.SpringBootTestContextBootstrapper - Found @SpringBootConfiguration io.wisoft.siabackend.SiaBackendApplication for test class io.wisoft.siabackend.infrastructure.SpatialTableRepositoryTest
13:44:17.137 [Test worker] DEBUG org.springframework.boot.test.context.SpringBootTestContextBootstrapper - @TestExecutionListeners is not present for class [io.wisoft.siabackend.infrastructure.SpatialTableRepositoryTest]: using defaults.
13:44:17.137 [Test worker] INFO org.springframework.boot.test.context.SpringBootTestContextBootstrapper - Loaded default TestExecutionListener class names from location [META-INF/spring.factories]: [org.springframework.boot.test.autoconfigure.restdocs.RestDocsTestExecutionListener, org.springframework.boot.test.autoconfigure.web.client.MockRestServiceServerResetTestExecutionListener, org.springframework.boot.test.autoconfigure.web.servlet.MockMvcPrintOnlyOnFailureTestExecutionListener, org.springframework.boot.test.autoconfigure.web.servlet.WebDriverTestExecutionListener, org.springframework.boot.test.autoconfigure.webservices.client.MockWebServiceServerTestExecutionListener, org.springframework.boot.test.mock.mockito.MockitoTestExecutionListener, org.springframework.boot.test.mock.mockito.ResetMocksTestExecutionListener, org.springframework.test.context.web.ServletTestExecutionListener, org.springframework.test.context.support.DirtiesContextBeforeModesTestExecutionListener, org.springframework.test.context.event.ApplicationEventsTestExecutionListener, org.springframework.test.context.support.DependencyInjectionTestExecutionListener, org.springframework.test.context.support.DirtiesContextTestExecutionListener, org.springframework.test.context.transaction.TransactionalTestExecutionListener, org.springframework.test.context.jdbc.SqlScriptsTestExecutionListener, org.springframework.test.context.event.EventPublishingTestExecutionListener]
13:44:17.170 [Test worker] INFO org.springframework.boot.test.context.SpringBootTestContextBootstrapper - Using TestExecutionListeners: [org.springframework.test.context.web.ServletTestExecutionListener@59c4a9a3, org.springframework.test.context.support.DirtiesContextBeforeModesTestExecutionListener@638a0d4d, org.springframework.test.context.event.ApplicationEventsTestExecutionListener@2df48506, org.springframework.boot.test.mock.mockito.MockitoTestExecutionListener@16c5c640, org.springframework.boot.test.autoconfigure.SpringBootDependencyInjectionTestExecutionListener@6a30fc8a, org.springframework.test.context.support.DirtiesContextTestExecutionListener@596374e4, org.springframework.test.context.transaction.TransactionalTestExecutionListener@5036067b, org.springframework.test.context.jdbc.SqlScriptsTestExecutionListener@68f93dfb, org.springframework.test.context.event.EventPublishingTestExecutionListener@5c048c2, org.springframework.boot.test.autoconfigure.restdocs.RestDocsTestExecutionListener@47c6c8ca, org.springframework.boot.test.autoconfigure.web.client.MockRestServiceServerResetTestExecutionListener@27231b97, org.springframework.boot.test.autoconfigure.web.servlet.MockMvcPrintOnlyOnFailureTestExecutionListener@694fc6d, org.springframework.boot.test.autoconfigure.web.servlet.WebDriverTestExecutionListener@1952225, org.springframework.boot.test.autoconfigure.webservices.client.MockWebServiceServerTestExecutionListener@70642a45, org.springframework.boot.test.mock.mockito.ResetMocksTestExecutionListener@4f24687d]
13:44:17.173 [Test worker] DEBUG org.springframework.test.context.support.AbstractDirtiesContextTestExecutionListener - Before test class: context [DefaultTestContext@10fd0861 testClass = SpatialTableRepositoryTest, testInstance = [null], testMethod = [null], testException = [null], mergedContextConfiguration = [WebMergedContextConfiguration@5d9b73b3 testClass = SpatialTableRepositoryTest, locations = '{}', classes = '{class io.wisoft.siabackend.SiaBackendApplication}', contextInitializerClasses = '[]', activeProfiles = '{}', propertySourceLocations = '{}', propertySourceProperties = '{org.springframework.boot.test.context.SpringBootTestContextBootstrapper=true}', contextCustomizers = set[org.springframework.boot.test.autoconfigure.actuate.metrics.MetricsExportContextCustomizerFactory$DisableMetricExportContextCustomizer@1f653806, org.springframework.boot.test.autoconfigure.properties.PropertyMappingContextCustomizer@0, org.springframework.boot.test.autoconfigure.web.servlet.WebDriverContextCustomizerFactory$Customizer@284b155e, org.springframework.boot.test.context.filter.ExcludeFilterContextCustomizer@501a7a65, org.springframework.boot.test.json.DuplicateJsonObjectContextCustomizerFactory$DuplicateJsonObjectContextCustomizer@36ebad76, org.springframework.boot.test.mock.mockito.MockitoContextCustomizer@0, org.springframework.boot.test.web.client.TestRestTemplateContextCustomizer@f4b8397, org.springframework.boot.test.context.SpringBootTestArgs@1, org.springframework.boot.test.context.SpringBootTestWebEnvironment@43210a4], resourceBasePath = 'src/main/webapp', contextLoader = 'org.springframework.boot.test.context.SpringBootContextLoader', parent = [null]], attributes = map['org.springframework.test.context.web.ServletTestExecutionListener.activateListener' -> true]], class annotated with @DirtiesContext [false] with mode [null].
13:44:17.200 [Test worker] DEBUG org.springframework.test.context.support.TestPropertySourceUtils - Adding inlined properties to environment: {spring.jmx.enabled=false, org.springframework.boot.test.context.SpringBootTestContextBootstrapper=true}

  .   ____          _            __ _ _
 /\\ / ___'_ __ _ _(_)_ __  __ _ \ \ \ \
( ( )\___ | '_ | '_| | '_ \/ _` | \ \ \ \
 \\/  ___)| |_)| | | | | || (_| |  ) ) ) )
  '  |____| .__|_| |_|_| |_\__, | / / / /
 =========|_|==============|___/=/_/_/_/
 :: Spring Boot ::                (v2.5.1)

2021-06-16 13:44:17.473  INFO 19092 --- [    Test worker] i.w.s.i.SpatialTableRepositoryTest       : Starting SpatialTableRepositoryTest using Java 11.0.9.1 on bagchaniMacmini.localdomain with PID 19092 (started by chanyeol in /Users/chanyeol/workspace/development/project/sia-backend)
2021-06-16 13:44:17.476  INFO 19092 --- [    Test worker] i.w.s.i.SpatialTableRepositoryTest       : No active profile set, falling back to default profiles: default
2021-06-16 13:44:18.070  INFO 19092 --- [    Test worker] .s.d.r.c.RepositoryConfigurationDelegate : Bootstrapping Spring Data JPA repositories in DEFAULT mode.
2021-06-16 13:44:18.117  INFO 19092 --- [    Test worker] .s.d.r.c.RepositoryConfigurationDelegate : Finished Spring Data repository scanning in 41 ms. Found 2 JPA repository interfaces.
2021-06-16 13:44:18.615  INFO 19092 --- [    Test worker] com.zaxxer.hikari.HikariDataSource       : HikariPool-1 - Starting...
2021-06-16 13:44:18.700  INFO 19092 --- [    Test worker] com.zaxxer.hikari.HikariDataSource       : HikariPool-1 - Start completed.
2021-06-16 13:44:18.809  INFO 19092 --- [    Test worker] o.hibernate.jpa.internal.util.LogHelper  : HHH000204: Processing PersistenceUnitInfo [name: default]
2021-06-16 13:44:18.854  INFO 19092 --- [    Test worker] org.hibernate.Version                    : HHH000412: Hibernate ORM core version 5.4.32.Final
2021-06-16 13:44:18.956  INFO 19092 --- [    Test worker] o.h.spatial.integration.SpatialService   : HHH80000001: hibernate-spatial integration enabled : true
2021-06-16 13:44:18.978  INFO 19092 --- [    Test worker] o.hibernate.annotations.common.Version   : HCANN000001: Hibernate Commons Annotations {5.1.2.Final}
2021-06-16 13:44:19.092  INFO 19092 --- [    Test worker] org.hibernate.dialect.Dialect            : HHH000400: Using dialect: org.hibernate.dialect.PostgreSQL10Dialect
2021-06-16 13:44:19.657  INFO 19092 --- [    Test worker] p6spy                                    : #1623818659657 | took 4ms | statement | connection 2| url jdbc:postgresql://localhost:5432/gis
select * from information_schema.sequences
select * from information_schema.sequences;
2021-06-16 13:44:19.678  INFO 19092 --- [    Test worker] o.h.e.t.j.p.i.JtaPlatformInitiator       : HHH000490: Using JtaPlatform implementation: [org.hibernate.engine.transaction.jta.platform.internal.NoJtaPlatform]
2021-06-16 13:44:19.688  INFO 19092 --- [    Test worker] j.LocalContainerEntityManagerFactoryBean : Initialized JPA EntityManagerFactory for persistence unit 'default'
2021-06-16 13:44:20.219  WARN 19092 --- [    Test worker] JpaBaseConfiguration$JpaWebConfiguration : spring.jpa.open-in-view is enabled by default. Therefore, database queries may be performed during view rendering. Explicitly configure spring.jpa.open-in-view to disable this warning
2021-06-16 13:44:20.679  INFO 19092 --- [    Test worker] i.w.s.i.SpatialTableRepositoryTest       : Started SpatialTableRepositoryTest in 3.473 seconds (JVM running for 4.563)
POLYGON ((126.835 37.688, 127.155 37.702, 127.184 37.474, 126.821 37.454, 126.835 37.688))
Hibernate: 
    INSERT 
    INTO
        SPATIAL_TABLE
        (polygon) 
    VALUES
        (ST_GEOMFROMTEXT(?, 4326))
2021-06-16 13:44:20.864  INFO 19092 --- [    Test worker] p6spy                                    : #1623818660864 | took 55ms | statement | connection 3| url jdbc:postgresql://localhost:5432/gis
INSERT INTO SPATIAL_TABLE(polygon) VALUES (ST_GEOMFROMTEXT(?, 4326))
INSERT INTO SPATIAL_TABLE(polygon) VALUES (ST_GEOMFROMTEXT('POLYGON ((126.835 37.688, 127.155 37.702, 127.184 37.474, 126.821 37.454, 126.835 37.688))', 4326));
2021-06-16 13:44:20.867  INFO 19092 --- [    Test worker] p6spy                                    : #1623818660867 | took 1ms | commit | connection 3| url jdbc:postgresql://localhost:5432/gis

;
]]></system-out>
  <system-err><![CDATA[]]></system-err>
</testsuite>
